
#-------------------------------
28.6.2017 16:8:57
#-------------------------------
{
  "message_id": 107,
  "from": {
    "id": 125317760,
    "first_name": "Granit_Zabbix"
  },
  "chat": {
    "id": -35947507,
    "title": "Zabbix",
    "type": "group",
    "all_members_are_administrators": false
  },
  "date": 1501222137,
  "text": "Trigger: Zabbix agent on ws_cherkasoviy is unreachable for 5 minutes Trigger status: PROBLEM"
}
#-------------------------------
28.6.2017 17:2:50
#-------------------------------
{
  "message_id": 18523,
  "from": {
    "id": 65892976,
    "first_name": "zionic",
    "username": "ZioniC"
  },
  "chat": {
    "id": -1001035457905,
    "title": "🎩 Светский чатик нео",
    "type": "supergroup"
  },
  "date": 1501225370,
  "reply_to_message": {
    "message_id": 18520,
    "from": {
      "id": 34548632,
      "first_name": "Игорь",
      "username": "Rudneff",
      "language_code": "ru-RU"
    },
    "chat": {
      "id": -1001035457905,
      "title": "🎩 Светский чатик нео",
      "type": "supergroup"
    },
    "date": 1501224872,
    "text": "чем тебя бесплатный LastPass не устраивает?"
  },
  "text": "там были утечки же йопта"
}
#-------------------------------
28.6.2017 17:49:9
#-------------------------------
{
  "message_id": 126081,
  "from": {
    "id": 60307514,
    "first_name": "Алексей",
    "last_name": "Щербинин",
    "username": "ditex85"
  },
  "chat": {
    "id": -1001048446549,
    "title": "Бабканы",
    "type": "supergroup"
  },
  "date": 1501228148,
  "reply_to_message": {
    "message_id": 126072,
    "from": {
      "id": 56357973,
      "first_name": "Ксения",
      "last_name": "Марченко",
      "username": "ksana579"
    },
    "chat": {
      "id": -1001048446549,
      "title": "Бабканы",
      "type": "supergroup"
    },
    "date": 1501224247,
    "text": "В США, в штате Огайо, на открытии ярмарки развалился аттракцион \"Шаровая молния\"  - если точнее"
  },
  "text": "Померший пару дней назад в марины записался"
}
#-------------------------------
28.6.2017 17:49:31
#-------------------------------
{
  "message_id": 126082,
  "from": {
    "id": 57261425,
    "first_name": "Shaman"
  },
  "chat": {
    "id": -1001048446549,
    "title": "Бабканы",
    "type": "supergroup"
  },
  "date": 1501228171,
  "text": "Отпуск."
}
#-------------------------------
28.6.2017 17:51:7
#-------------------------------
{
  "message_id": 126085,
  "from": {
    "id": 71084347,
    "first_name": "Andrey",
    "last_name": "Kirpo",
    "username": "Derrok"
  },
  "chat": {
    "id": -1001048446549,
    "title": "Бабканы",
    "type": "supergroup"
  },
  "date": 1501228267,
  "text": "Не завидую тем кто едет в сторону Находки"
}
#-------------------------------
28.6.2017 18:15:43
#-------------------------------
{
  "message_id": 126088,
  "from": {
    "id": 20726615,
    "first_name": "Valeriy",
    "last_name": "Avvakumov",
    "username": "Zelenkin"
  },
  "chat": {
    "id": -1001048446549,
    "title": "Бабканы",
    "type": "supergroup"
  },
  "date": 1501229743,
  "text": "Я в аэропорт еду"
}
#-------------------------------
28.6.2017 18:27:37
#-------------------------------
{
  "message_id": 126090,
  "from": {
    "id": 60677426,
    "first_name": "Vyacheslav",
    "last_name": "Marchenko",
    "username": "PokeZayac"
  },
  "chat": {
    "id": -1001048446549,
    "title": "Бабканы",
    "type": "supergroup"
  },
  "date": 1501230457,
  "text": "Я так понял от вас или выезжать в пятницу утром или в пятницу вообще не ехать в сторону выезда из города"
}
#-------------------------------
28.6.2017 18:37:14
#-------------------------------
{
  "message_id": 126091,
  "from": {
    "id": 56357973,
    "first_name": "Ксения",
    "last_name": "Марченко",
    "username": "ksana579"
  },
  "chat": {
    "id": -1001048446549,
    "title": "Бабканы",
    "type": "supergroup"
  },
  "date": 1501231034,
  "text": "В чт тоже нежелательно"
}
#-------------------------------
28.6.2017 18:38:21
#-------------------------------
{
  "message_id": 126093,
  "from": {
    "id": 50817579,
    "first_name": "Marsh🍄",
    "username": "Marshik"
  },
  "chat": {
    "id": -1001048446549,
    "title": "Бабканы",
    "type": "supergroup"
  },
  "date": 1501231101,
  "reply_to_message": {
    "message_id": 126090,
    "from": {
      "id": 60677426,
      "first_name": "Vyacheslav",
      "last_name": "Marchenko",
      "username": "PokeZayac"
    },
    "chat": {
      "id": -1001048446549,
      "title": "Бабканы",
      "type": "supergroup"
    },
    "date": 1501230457,
    "text": "Я так понял от вас или выезжать в пятницу утром или в пятницу вообще не ехать в сторону выезда из города"
  },
  "text": "а от вас?"
}
#-------------------------------
28.6.2017 18:54:22
#-------------------------------
{
  "message_id": 126099,
  "from": {
    "id": 238283,
    "first_name": "Sergey",
    "last_name": "Konovalenko",
    "username": "Farrier"
  },
  "chat": {
    "id": -1001048446549,
    "title": "Бабканы",
    "type": "supergroup"
  },
  "date": 1501232062,
  "reply_to_message": {
    "message_id": 126074,
    "from": {
      "id": 238283,
      "first_name": "Sergey",
      "last_name": "Konovalenko",
      "username": "Farrier"
    },
    "chat": {
      "id": -1001048446549,
      "title": "Бабканы",
      "type": "supergroup"
    },
    "date": 1501225267,
    "text": "Щас письмо пришло \nДЕЛО ПРИОСТАНОВЛЕНО В СВЯЗИ С НЕЯВКОЙ НА ПРИЕМ ПОВТОРНЫЙ ПРИЕМ"
  },
  "text": "позвонил им короче, оказывается письмо приходит когда ты анкету подал \"статус: принято\", после него у надо было пошлину оплатить, я оплатил"
}
#-------------------------------
28.6.2017 19:4:29
#-------------------------------
{
  "message_id": 126105,
  "from": {
    "id": 42835942,
    "first_name": "Alexei",
    "last_name": "Smirnov"
  },
  "chat": {
    "id": -1001048446549,
    "title": "Бабканы",
    "type": "supergroup"
  },
  "date": 1501232669,
  "text": "у меня со вторника отпуск, дожить бы еще"
}
#-------------------------------
28.6.2017 20:23:25
#-------------------------------
{
  "message_id": 18535,
  "from": {
    "id": 89995613,
    "first_name": "Galina",
    "last_name": "Adamchik",
    "username": "Galina_Adamchik"
  },
  "chat": {
    "id": -1001035457905,
    "title": "🎩 Светский чатик нео",
    "type": "supergroup"
  },
  "date": 1501237405,
  "text": "всем хай! я взяла билеты в кино на Взрывную блондинку на 21.40) если кто хочет присоединиться мы на 6 ряду 11,12 место🙃😉"
}
#-------------------------------
28.6.2017 20:56:25
#-------------------------------
{
  "message_id": 18539,
  "from": {
    "id": 63682300,
    "first_name": "Olmer",
    "username": "Olmers"
  },
  "chat": {
    "id": -1001035457905,
    "title": "🎩 Светский чатик нео",
    "type": "supergroup"
  },
  "date": 1501239385,
  "text": "Ой"
}
#-------------------------------
28.6.2017 21:26:45
#-------------------------------
{
  "message_id": 18552,
  "from": {
    "id": 114793909,
    "first_name": "Valeria",
    "last_name": "Stenkovaya",
    "username": "NaiveAlerts"
  },
  "chat": {
    "id": -1001035457905,
    "title": "🎩 Светский чатик нео",
    "type": "supergroup"
  },
  "date": 1501241205,
  "text": "Сразу видно — поёт хорошо. И брови хорошо делает."
}
#-------------------------------
28.6.2017 21:33:47
#-------------------------------
{
  "message_id": 18553,
  "from": {
    "id": 132129173,
    "first_name": "Yaroslav",
    "last_name": "Mikheev",
    "username": "Yaches"
  },
  "chat": {
    "id": -1001035457905,
    "title": "🎩 Светский чатик нео",
    "type": "supergroup"
  },
  "date": 1501241627,
  "text": "И конкурсы интересные"
}
#-------------------------------
28.6.2017 23:33:25
#-------------------------------
{
  "message_id": 126122,
  "from": {
    "id": 63620017,
    "first_name": "Vodalus"
  },
  "chat": {
    "id": -1001048446549,
    "title": "Бабканы",
    "type": "supergroup"
  },
  "date": 1501248805,
  "reply_to_message": {
    "message_id": 126116,
    "from": {
      "id": 34548632,
      "first_name": "Игорь",
      "username": "Rudneff",
      "language_code": "ru-RU"
    },
    "chat": {
      "id": -1001048446549,
      "title": "Бабканы",
      "type": "supergroup"
    },
    "date": 1501248207,
    "text": "Ну Блять наконец-то"
  },
  "text": "Поддерживаю!"
}
#-------------------------------
29.6.2017 0:35:26
#-------------------------------
{
  "message_id": 126138,
  "from": {
    "id": 61523126,
    "first_name": "Aleksandr",
    "last_name": "Z"
  },
  "chat": {
    "id": -1001048446549,
    "title": "Бабканы",
    "type": "supergroup"
  },
  "date": 1501252526,
  "text": "родился вырос"
}
#-------------------------------
29.6.2017 21:13:46
#-------------------------------
{
  "message_id": 126166,
  "from": {
    "id": 52721241,
    "first_name": "Евгений «🐼»",
    "last_name": "Кан",
    "username": "kopanda"
  },
  "chat": {
    "id": -1001048446549,
    "title": "Бабканы",
    "type": "supergroup"
  },
  "date": 1501326826,
  "reply_to_message": {
    "message_id": 126165,
    "from": {
      "id": 238283,
      "first_name": "Sergey",
      "last_name": "Konovalenko",
      "username": "Farrier"
    },
    "chat": {
      "id": -1001048446549,
      "title": "Бабканы",
      "type": "supergroup"
    },
    "date": 1501324897,
    "text": "кстати, вместо этого ворк мода в телеграме лучше бы сделали какое-нибудь разделение чатов и каналов"
  },
  "text": "Ты про десктопную версию?"
}
#-------------------------------
31.6.2017 9:55:13
#-------------------------------
{
  "message_id": 126189,
  "from": {
    "id": 62750364,
    "first_name": "Tmn🦀",
    "username": "timan"
  },
  "chat": {
    "id": -1001048446549,
    "title": "Бабканы",
    "type": "supergroup"
  },
  "date": 1501458913,
  "reply_to_message": {
    "message_id": 126186,
    "from": {
      "id": 50817579,
      "first_name": "Marsh🍄",
      "username": "Marshik"
    },
    "chat": {
      "id": -1001048446549,
      "title": "Бабканы",
      "type": "supergroup"
    },
    "date": 1501420940,
    "photo": [
      {
        "file_id": "AgADAgADNqgxG_vp8EtzkmyzRjCbRBkLSw0ABJL6NyU1NTB4FzMMAAEC",
        "file_size": 1566,
        "file_path": "photos/5472130811957454902.jpg",
        "width": 66,
        "height": 90
      },
      {
        "file_id": "AgADAgADNqgxG_vp8EtzkmyzRjCbRBkLSw0ABKI4ipIvYYXmGDMMAAEC",
        "file_size": 18032,
        "width": 233,
        "height": 320
      },
      {
        "file_id": "AgADAgADNqgxG_vp8EtzkmyzRjCbRBkLSw0ABA4UdAE-QSPmFjMMAAEC",
        "file_size": 20890,
        "width": 255,
        "height": 350
      }
    ]
  },
  "text": "Цезарь"
}
#-------------------------------
31.6.2017 11:41:58
#-------------------------------
{
  "message_id": 151,
  "from": {
    "id": 36892472,
    "first_name": "Денис",
    "last_name": "Ковалев",
    "username": "DenisKovalev"
  },
  "chat": {
    "id": -35947507,
    "title": "Zabbix",
    "type": "group",
    "all_members_are_administrators": false
  },
  "date": 1501464700,
  "text": "+"
}
#-------------------------------
31.6.2017 11:45:13
#-------------------------------
{
  "message_id": 153,
  "from": {
    "id": 36892472,
    "first_name": "Денис",
    "last_name": "Ковалев",
    "username": "DenisKovalev"
  },
  "chat": {
    "id": -35947507,
    "title": "Zabbix",
    "type": "group",
    "all_members_are_administrators": false
  },
  "date": 1501465513,
  "text": "++"
}
#-------------------------------
31.6.2017 17:59:57
#-------------------------------
{
  "message_id": 126236,
  "from": {
    "id": 52908615,
    "first_name": "Alexander",
    "last_name": "Golohvastov"
  },
  "chat": {
    "id": -1001048446549,
    "title": "Бабканы",
    "type": "supergroup"
  },
  "date": 1501487997,
  "reply_to_message": {
    "message_id": 126233,
    "from": {
      "id": 50817579,
      "first_name": "Marsh🍄",
      "username": "Marshik"
    },
    "chat": {
      "id": -1001048446549,
      "title": "Бабканы",
      "type": "supergroup"
    },
    "date": 1501487432,
    "text": "что твориться )"
  },
  "text": "https://youtu.be/jR6OO__XBXc",
  "entities": [
    {
      "type": "url",
      "offset": 0,
      "length": 28
    }
  ]
}
#-------------------------------
1.7.2017 13:13:52
#-------------------------------
{
  "message_id": 18642,
  "from": {
    "id": 105110694,
    "first_name": "Iurii",
    "last_name": "Hiteev"
  },
  "chat": {
    "id": -1001035457905,
    "title": "🎩 Светский чатик нео",
    "type": "supergroup"
  },
  "date": 1501557232,
  "text": "550 в месяц - это прям бодро, только Евросеть пускать или ювелирку"
}
#-------------------------------
1.7.2017 16:54:4
#-------------------------------
{
  "message_id": 126417,
  "from": {
    "id": 182570200,
    "first_name": "Evgeny",
    "last_name": "Ryabikov",
    "username": "Fnooby"
  },
  "chat": {
    "id": -1001048446549,
    "title": "Бабканы",
    "type": "supergroup"
  },
  "date": 1501570444,
  "text": "Почитал комменты зачем-то там"
}
#-------------------------------
27.3.2024 12:26:0
#-------------------------------
{
  "message_id": 637486,
  "from": {
    "id": 118301981,
    "is_bot": false,
    "first_name": "Yuliya",
    "last_name": "Kirpicheva",
    "username": "JudyBricks",
    "is_premium": true
  },
  "chat": {
    "id": -1001048446549,
    "title": "Бабканы",
    "type": "supergroup"
  },
  "date": 1714184657,
  "message_thread_id": 637473,
  "reply_to_message": {
    "message_id": 637473,
    "from": {
      "id": 60307514,
      "is_bot": false,
      "first_name": "ditex",
      "username": "ditex85"
    },
    "chat": {
      "id": -1001048446549,
      "title": "Бабканы",
      "type": "supergroup"
    },
    "date": 1714181636,
    "text": "@JudyBricks Юля поздравляю с днём рождения. Художественных успехов тебе и самореализации 🫶",
    "entities": [
      {
        "offset": 0,
        "length": 11,
        "type": "mention"
      }
    ]
  },
  "text": "спасибо ☺"
}type": "mention"
      }
    ]
  },
  "text": "спасибо, Абра :)"
}
#-------------------------------
27.3.2024 12:37:24
#-------------------------------
{
  "message_id": 37,
  "from": {
    "id": 118301981,
    "is_bot": false,
    "first_name": "Yuliya",
    "last_name": "Kirpicheva",
    "username": "JudyBricks",
    "is_premium": true
  },
  "chat": {
    "id": -1002039988361,
    "title": "Big in Japan",
    "type": "supergroup"
  },
  "date": 1714185444,
  "text": "пиу"
}
#-------------------------------
27.3.2024 12:45:46
#-------------------------------
{
  "message_id": 637488,
  "from": {
    "id": 86179108,
    "is_bot": false,
    "first_name": "Татьяна",
    "last_name": "Дмитриева",
    "username": "DmitrievaT",
    "language_code": "ru",
    "is_premium": true
  },
  "chat": {
    "id": -1001048446549,
    "title": "Бабканы",
    "type": "supergroup"
  },
  "date": 1714185946,
  "message_thread_id": 637475,
  "reply_to_message": {
    "message_id": 637487,
    "from": {
      "id": 118301981,
      "is_bot": false,
      "first_name": "Yuliya",
      "last_name": "Kirpicheva",
      "username": "JudyBricks",
      "is_premium": true
    },
    "chat": {
      "id": -1001048446549,
      "title": "Бабканы",
      "type": "supergroup"
    },
    "date": 1714184682,
    "message_thread_id": 637475,
    "text": "спасибо :)"
  },
  "text": "Юля, с Днем Рождения! 🎉 \nЧтоб все получалось, все улыбались и здоровья много-много! 🎈🌷🌷🌷"
}